<?xml version="1.0" encoding="UTF-8"?>
<!-- Generated by org.testng.reporters.JUnitReportReporter -->
<testsuite hostname="GANESHA" failures="0" tests="4" name="test.UserTests" time="12.680" errors="0" timestamp="2023-03-11T08:58:52 IST" skipped="0">
  <testcase classname="test.UserTests" name="testPostUser" time="5.002"/>
  <system-out/>
  <testcase classname="test.UserTests" name="testGetUserByName" time="1.878"/>
  <system-out/>
  <testcase classname="test.UserTests" name="testUpdateUserByName" time="3.666"/>
  <system-out/>
  <testcase classname="test.UserTests" name="testDeleteUserByName" time="2.134"/>
  <system-out/>
</testsuite> <!-- test.UserTests -->
