<?xml version="1.0" encoding="UTF-8"?>
<!-- Generated by org.testng.reporters.JUnitReportReporter -->
<testsuite hostname="GANESHA" failures="0" tests="3" name="test.StoreTests" time="16.398" errors="0" timestamp="2023-06-10T22:12:51 IST" skipped="0">
  <testcase classname="test.StoreTests" name="testPostOrder" time="3.213"/>
  <system-out/>
  <testcase classname="test.StoreTests" name="testGetOrder" time="5.205"/>
  <system-out/>
  <testcase classname="test.StoreTests" name="testDeleteOrder" time="7.980"/>
  <system-out/>
</testsuite> <!-- test.StoreTests -->
