<?xml version="1.0" encoding="UTF-8"?>
<!-- Generated by org.testng.reporters.JUnitReportReporter -->
<testsuite hostname="GANESHA" failures="0" tests="3" name="test.StoreTests" time="6.946" errors="0" timestamp="2023-03-22T00:23:20 IST" skipped="0">
  <testcase classname="test.StoreTests" name="testPostOrder" time="2.238"/>
  <system-out/>
  <testcase classname="test.StoreTests" name="testGetOrder" time="2.205"/>
  <system-out/>
  <testcase classname="test.StoreTests" name="testDeleteOrder" time="2.503"/>
  <system-out/>
</testsuite> <!-- test.StoreTests -->
