<?xml version="1.0" encoding="UTF-8"?>
<!-- Generated by org.testng.reporters.JUnitReportReporter -->
<testsuite hostname="GANESHA" failures="0" tests="3" name="test.StoreTests" time="5.384" errors="0" timestamp="2023-03-11T08:58:52 IST" skipped="0">
  <testcase classname="test.StoreTests" name="testPostOrder" time="1.810"/>
  <system-out/>
  <testcase classname="test.StoreTests" name="testGetOrder" time="1.743"/>
  <system-out/>
  <testcase classname="test.StoreTests" name="testDeleteOrder" time="1.831"/>
  <system-out/>
</testsuite> <!-- test.StoreTests -->
