<?xml version="1.0" encoding="UTF-8"?>
<!-- Generated by org.testng.reporters.JUnitReportReporter -->
<testsuite hostname="GANESHA" failures="0" tests="5" name="test.UserTests" time="50.378" errors="0" timestamp="2023-03-22T00:23:20 IST" skipped="0">
  <testcase classname="test.UserTests" name="json" time="0.154"/>
  <system-out/>
  <testcase classname="test.UserTests" name="testPostUser" time="37.398"/>
  <system-out/>
  <testcase classname="test.UserTests" name="testGetUserByName" time="3.285"/>
  <system-out/>
  <testcase classname="test.UserTests" name="testUpdateUserByName" time="6.927"/>
  <system-out/>
  <testcase classname="test.UserTests" name="testDeleteUserByName" time="2.614"/>
  <system-out/>
</testsuite> <!-- test.UserTests -->
