<?xml version="1.0" encoding="UTF-8"?>
<!-- Generated by org.testng.reporters.JUnitReportReporter -->
<testsuite hostname="GANESHA" failures="0" tests="4" name="test.UserTests" time="22.700" errors="0" timestamp="2023-06-10T22:12:51 IST" skipped="0">
  <testcase classname="test.UserTests" name="testPostUser" time="5.105"/>
  <system-out/>
  <testcase classname="test.UserTests" name="testGetUserByName" time="4.632"/>
  <system-out/>
  <testcase classname="test.UserTests" name="testUpdateUserByName" time="2.123"/>
  <system-out/>
  <testcase classname="test.UserTests" name="testDeleteUserByName" time="10.840"/>
  <system-out/>
</testsuite> <!-- test.UserTests -->
