<?xml version="1.0" encoding="UTF-8"?>
<!-- Generated by org.testng.reporters.JUnitReportReporter -->
<testsuite hostname="GANESHA" failures="0" tests="1" name="test.JJJ" time="0.438" errors="0" timestamp="2023-03-25T23:28:33 IST" skipped="0">
  <testcase classname="test.JJJ" name="setUpData" time="0.438"/>
  <system-out/>
</testsuite> <!-- test.JJJ -->
