<?xml version="1.0" encoding="UTF-8"?>
<!-- Generated by org.testng.reporters.JUnitReportReporter -->
<testsuite hostname="GANESHA" failures="0" tests="3" name="test.StoreTests" time="6.629" errors="0" timestamp="2023-03-12T14:48:19 IST" skipped="0">
  <testcase classname="test.StoreTests" name="testPostOrder" time="2.268"/>
  <system-out/>
  <testcase classname="test.StoreTests" name="testGetOrder" time="2.473"/>
  <system-out/>
  <testcase classname="test.StoreTests" name="testDeleteOrder" time="1.888"/>
  <system-out/>
</testsuite> <!-- test.StoreTests -->
