<?xml version="1.0" encoding="UTF-8"?>
<!-- Generated by org.testng.reporters.JUnitReportReporter -->
<testsuite hostname="GANESHA" failures="0" tests="3" name="test.StoreTests" time="4.163" errors="0" timestamp="2023-05-31T20:34:24 IST" skipped="0">
  <testcase classname="test.StoreTests" name="testPostOrder" time="1.314"/>
  <system-out/>
  <testcase classname="test.StoreTests" name="testGetOrder" time="1.455"/>
  <system-out/>
  <testcase classname="test.StoreTests" name="testDeleteOrder" time="1.394"/>
  <system-out/>
</testsuite> <!-- test.StoreTests -->
