<?xml version="1.0" encoding="UTF-8"?>
<!-- Generated by org.testng.reporters.JUnitReportReporter -->
<testsuite hostname="GANESHA" failures="0" tests="4" name="test.UserTests" time="15.982" errors="0" timestamp="2023-03-12T14:48:19 IST" skipped="0">
  <testcase classname="test.UserTests" name="testPostUser" time="6.936"/>
  <system-out/>
  <testcase classname="test.UserTests" name="testGetUserByName" time="1.917"/>
  <system-out/>
  <testcase classname="test.UserTests" name="testUpdateUserByName" time="4.963"/>
  <system-out/>
  <testcase classname="test.UserTests" name="testDeleteUserByName" time="2.166"/>
  <system-out/>
</testsuite> <!-- test.UserTests -->
