<?xml version="1.0" encoding="UTF-8"?>
<!-- Generated by org.testng.reporters.JUnitReportReporter -->
<testsuite hostname="GANESHA" failures="0" tests="4" name="test.UserTests" time="10.300" errors="0" timestamp="2023-03-11T08:59:33 IST" skipped="0">
  <testcase classname="test.UserTests" name="testPostUser" time="3.373"/>
  <system-out/>
  <testcase classname="test.UserTests" name="testGetUserByName" time="1.598"/>
  <system-out/>
  <testcase classname="test.UserTests" name="testUpdateUserByName" time="3.594"/>
  <system-out/>
  <testcase classname="test.UserTests" name="testDeleteUserByName" time="1.735"/>
  <system-out/>
</testsuite> <!-- test.UserTests -->
